{"E:\\z STUDY COURSES\\Namaste-React\\Codes\\src\\components\\Body.js": {"path":"E:\\z STUDY COURSES\\Namaste-React\\Codes\\src\\components\\Body.js","statementMap":{"0":{"start":{"line":10,"column":25},"end":{"line":10,"column":52}},"1":{"start":{"line":11,"column":13},"end":{"line":85,"column":1}},"2":{"start":{"line":12,"column":23},"end":{"line":12,"column":40}},"3":{"start":{"line":20,"column":6},"end":{"line":20,"column":15}},"4":{"start":{"line":22,"column":2},"end":{"line":28,"column":3}},"5":{"start":{"line":23,"column":4},"end":{"line":27,"column":6}},"6":{"start":{"line":29,"column":37},"end":{"line":29,"column":60}},"7":{"start":{"line":30,"column":2},"end":{"line":84,"column":4}},"8":{"start":{"line":42,"column":14},"end":{"line":42,"column":44}},"9":{"start":{"line":66,"column":14},"end":{"line":66,"column":42}},"10":{"start":{"line":74,"column":10},"end":{"line":80,"column":17}}},"fnMap":{"0":{"name":"(anonymous_0)","decl":{"start":{"line":11,"column":13},"end":{"line":11,"column":14}},"loc":{"start":{"line":11,"column":19},"end":{"line":85,"column":1}},"line":11},"1":{"name":"(anonymous_1)","decl":{"start":{"line":41,"column":22},"end":{"line":41,"column":23}},"loc":{"start":{"line":41,"column":29},"end":{"line":43,"column":13}},"line":41},"2":{"name":"(anonymous_2)","decl":{"start":{"line":65,"column":22},"end":{"line":65,"column":23}},"loc":{"start":{"line":65,"column":29},"end":{"line":67,"column":13}},"line":65},"3":{"name":"(anonymous_3)","decl":{"start":{"line":73,"column":24},"end":{"line":73,"column":25}},"loc":{"start":{"line":74,"column":10},"end":{"line":80,"column":17}},"line":74}},"branchMap":{"0":{"loc":{"start":{"line":22,"column":2},"end":{"line":28,"column":3}},"type":"if","locations":[{"start":{"line":22,"column":2},"end":{"line":28,"column":3}},{"start":{},"end":{}}],"line":22},"1":{"loc":{"start":{"line":30,"column":9},"end":{"line":84,"column":3}},"type":"cond-expr","locations":[{"start":{"line":31,"column":4},"end":{"line":31,"column":15}},{"start":{"line":33,"column":4},"end":{"line":83,"column":10}}],"line":30},"2":{"loc":{"start":{"line":75,"column":13},"end":{"line":79,"column":13}},"type":"cond-expr","locations":[{"start":{"line":76,"column":14},"end":{"line":76,"column":55}},{"start":{"line":78,"column":14},"end":{"line":78,"column":47}}],"line":75}},"s":{"0":1,"1":1,"2":7,"3":7,"4":7,"5":0,"6":7,"7":7,"8":1,"9":0,"10":27},"f":{"0":7,"1":1,"2":0,"3":27},"b":{"0":[0,7],"1":[2,5],"2":[27,0]},"_coverageSchema":"1a1c01bbd47fc00a2c39e90264f33305004495a9","hash":"4e9ffcd6a5b450376dfd1b98dc9f0da7a5b97f8c"}
,"E:\\z STUDY COURSES\\Namaste-React\\Codes\\src\\components\\Cart.js": {"path":"E:\\z STUDY COURSES\\Namaste-React\\Codes\\src\\components\\Cart.js","statementMap":{"0":{"start":{"line":6,"column":13},"end":{"line":33,"column":1}},"1":{"start":{"line":7,"column":20},"end":{"line":7,"column":60}},"2":{"start":{"line":7,"column":43},"end":{"line":7,"column":59}},"3":{"start":{"line":9,"column":19},"end":{"line":9,"column":32}},"4":{"start":{"line":10,"column":26},"end":{"line":12,"column":3}},"5":{"start":{"line":11,"column":4},"end":{"line":11,"column":26}},"6":{"start":{"line":13,"column":2},"end":{"line":32,"column":4}}},"fnMap":{"0":{"name":"(anonymous_0)","decl":{"start":{"line":6,"column":13},"end":{"line":6,"column":14}},"loc":{"start":{"line":6,"column":19},"end":{"line":33,"column":1}},"line":6},"1":{"name":"(anonymous_1)","decl":{"start":{"line":7,"column":32},"end":{"line":7,"column":33}},"loc":{"start":{"line":7,"column":43},"end":{"line":7,"column":59}},"line":7},"2":{"name":"(anonymous_2)","decl":{"start":{"line":10,"column":26},"end":{"line":10,"column":27}},"loc":{"start":{"line":10,"column":32},"end":{"line":12,"column":3}},"line":10}},"branchMap":{"0":{"loc":{"start":{"line":23,"column":7},"end":{"line":27,"column":7}},"type":"binary-expr","locations":[{"start":{"line":23,"column":7},"end":{"line":23,"column":29}},{"start":{"line":24,"column":8},"end":{"line":26,"column":13}}],"line":23}},"s":{"0":1,"1":4,"2":8,"3":4,"4":4,"5":1,"6":4},"f":{"0":4,"1":8,"2":1},"b":{"0":[4,2]},"_coverageSchema":"1a1c01bbd47fc00a2c39e90264f33305004495a9","hash":"7bfbeb1f4247326566182a6b0a25c7f2295692c5"}
,"E:\\z STUDY COURSES\\Namaste-React\\Codes\\src\\components\\Contact.js": {"path":"E:\\z STUDY COURSES\\Namaste-React\\Codes\\src\\components\\Contact.js","statementMap":{"0":{"start":{"line":3,"column":16},"end":{"line":14,"column":1}},"1":{"start":{"line":4,"column":2},"end":{"line":13,"column":3}}},"fnMap":{"0":{"name":"(anonymous_0)","decl":{"start":{"line":3,"column":16},"end":{"line":3,"column":17}},"loc":{"start":{"line":3,"column":22},"end":{"line":14,"column":1}},"line":3}},"branchMap":{},"s":{"0":1,"1":8},"f":{"0":8},"b":{},"_coverageSchema":"1a1c01bbd47fc00a2c39e90264f33305004495a9","hash":"44d2e447cbcdc4e1e75f881d2fcb8102376e72ed"}
,"E:\\z STUDY COURSES\\Namaste-React\\Codes\\src\\components\\Header.js": {"path":"E:\\z STUDY COURSES\\Namaste-React\\Codes\\src\\components\\Header.js","statementMap":{"0":{"start":{"line":9,"column":15},"end":{"line":56,"column":1}},"1":{"start":{"line":10,"column":32},"end":{"line":10,"column":49}},"2":{"start":{"line":12,"column":24},"end":{"line":12,"column":47}},"3":{"start":{"line":14,"column":23},"end":{"line":14,"column":40}},"4":{"start":{"line":17,"column":20},"end":{"line":17,"column":60}},"5":{"start":{"line":17,"column":43},"end":{"line":17,"column":59}},"6":{"start":{"line":19,"column":2},"end":{"line":55,"column":4}},"7":{"start":{"line":47,"column":27},"end":{"line":47,"column":79}}},"fnMap":{"0":{"name":"(anonymous_0)","decl":{"start":{"line":9,"column":15},"end":{"line":9,"column":16}},"loc":{"start":{"line":9,"column":21},"end":{"line":56,"column":1}},"line":9},"1":{"name":"(anonymous_1)","decl":{"start":{"line":17,"column":32},"end":{"line":17,"column":33}},"loc":{"start":{"line":17,"column":43},"end":{"line":17,"column":59}},"line":17},"2":{"name":"(anonymous_2)","decl":{"start":{"line":47,"column":21},"end":{"line":47,"column":22}},"loc":{"start":{"line":47,"column":27},"end":{"line":47,"column":79}},"line":47}},"branchMap":{"0":{"loc":{"start":{"line":27,"column":21},"end":{"line":27,"column":60}},"type":"cond-expr","locations":[{"start":{"line":27,"column":36},"end":{"line":27,"column":46}},{"start":{"line":27,"column":49},"end":{"line":27,"column":60}}],"line":27},"1":{"loc":{"start":{"line":47,"column":38},"end":{"line":47,"column":78}},"type":"cond-expr","locations":[{"start":{"line":47,"column":60},"end":{"line":47,"column":68}},{"start":{"line":47,"column":71},"end":{"line":47,"column":78}}],"line":47}},"s":{"0":2,"1":8,"2":8,"3":8,"4":8,"5":15,"6":8,"7":1},"f":{"0":8,"1":15,"2":1},"b":{"0":[8,0],"1":[1,0]},"_coverageSchema":"1a1c01bbd47fc00a2c39e90264f33305004495a9","hash":"b839301946d339159054bb2af9750f895c31044e"}
,"E:\\z STUDY COURSES\\Namaste-React\\Codes\\src\\components\\ItemList.js": {"path":"E:\\z STUDY COURSES\\Namaste-React\\Codes\\src\\components\\ItemList.js","statementMap":{"0":{"start":{"line":6,"column":17},"end":{"line":47,"column":1}},"1":{"start":{"line":7,"column":19},"end":{"line":7,"column":32}},"2":{"start":{"line":9,"column":24},"end":{"line":12,"column":3}},"3":{"start":{"line":11,"column":4},"end":{"line":11,"column":28}},"4":{"start":{"line":14,"column":2},"end":{"line":46,"column":4}},"5":{"start":{"line":17,"column":8},"end":{"line":43,"column":14}},"6":{"start":{"line":33,"column":29},"end":{"line":33,"column":48}}},"fnMap":{"0":{"name":"(anonymous_0)","decl":{"start":{"line":6,"column":17},"end":{"line":6,"column":18}},"loc":{"start":{"line":6,"column":39},"end":{"line":47,"column":1}},"line":6},"1":{"name":"(anonymous_1)","decl":{"start":{"line":9,"column":24},"end":{"line":9,"column":25}},"loc":{"start":{"line":9,"column":34},"end":{"line":12,"column":3}},"line":9},"2":{"name":"(anonymous_2)","decl":{"start":{"line":16,"column":17},"end":{"line":16,"column":18}},"loc":{"start":{"line":17,"column":8},"end":{"line":43,"column":14}},"line":17},"3":{"name":"(anonymous_3)","decl":{"start":{"line":33,"column":25},"end":{"line":33,"column":26}},"loc":{"start":{"line":33,"column":29},"end":{"line":33,"column":48}},"line":33}},"branchMap":{},"s":{"0":1,"1":5,"2":5,"3":2,"4":5,"5":7,"6":2},"f":{"0":5,"1":2,"2":7,"3":2},"b":{},"_coverageSchema":"1a1c01bbd47fc00a2c39e90264f33305004495a9","hash":"5c4cd25a961cf5780febb22a09fef0165fdce8e4"}
,"E:\\z STUDY COURSES\\Namaste-React\\Codes\\src\\components\\RestCard.js": {"path":"E:\\z STUDY COURSES\\Namaste-React\\Codes\\src\\components\\RestCard.js","statementMap":{"0":{"start":{"line":4,"column":17},"end":{"line":22,"column":1}},"1":{"start":{"line":5,"column":22},"end":{"line":5,"column":27}},"2":{"start":{"line":7,"column":4},"end":{"line":7,"column":17}},"3":{"start":{"line":8,"column":2},"end":{"line":21,"column":4}},"4":{"start":{"line":26,"column":33},"end":{"line":37,"column":1}},"5":{"start":{"line":27,"column":2},"end":{"line":36,"column":4}},"6":{"start":{"line":28,"column":4},"end":{"line":35,"column":6}}},"fnMap":{"0":{"name":"(anonymous_0)","decl":{"start":{"line":4,"column":17},"end":{"line":4,"column":18}},"loc":{"start":{"line":4,"column":28},"end":{"line":22,"column":1}},"line":4},"1":{"name":"(anonymous_1)","decl":{"start":{"line":26,"column":33},"end":{"line":26,"column":34}},"loc":{"start":{"line":26,"column":47},"end":{"line":37,"column":1}},"line":26},"2":{"name":"(anonymous_2)","decl":{"start":{"line":27,"column":9},"end":{"line":27,"column":10}},"loc":{"start":{"line":27,"column":20},"end":{"line":36,"column":3}},"line":27}},"branchMap":{},"s":{"0":2,"1":28,"2":28,"3":28,"4":2,"5":1,"6":27},"f":{"0":28,"1":1,"2":27},"b":{},"_coverageSchema":"1a1c01bbd47fc00a2c39e90264f33305004495a9","hash":"9358eedee0a74da3db9951e3955479f4f7e44c94"}
,"E:\\z STUDY COURSES\\Namaste-React\\Codes\\src\\components\\RestMenu.js": {"path":"E:\\z STUDY COURSES\\Namaste-React\\Codes\\src\\components\\RestMenu.js","statementMap":{"0":{"start":{"line":8,"column":17},"end":{"line":54,"column":1}},"1":{"start":{"line":9,"column":20},"end":{"line":9,"column":31}},"2":{"start":{"line":10,"column":19},"end":{"line":10,"column":37}},"3":{"start":{"line":11,"column":36},"end":{"line":11,"column":50}},"4":{"start":{"line":14,"column":2},"end":{"line":14,"column":44}},"5":{"start":{"line":14,"column":25},"end":{"line":14,"column":44}},"6":{"start":{"line":18,"column":4},"end":{"line":18,"column":46}},"7":{"start":{"line":21,"column":19},"end":{"line":21,"column":42}},"8":{"start":{"line":25,"column":4},"end":{"line":26,"column":23}},"9":{"start":{"line":29,"column":4},"end":{"line":33,"column":11}},"10":{"start":{"line":31,"column":8},"end":{"line":32,"column":76}},"11":{"start":{"line":35,"column":2},"end":{"line":53,"column":4}},"12":{"start":{"line":43,"column":8},"end":{"line":50,"column":10}},"13":{"start":{"line":49,"column":30},"end":{"line":49,"column":78}}},"fnMap":{"0":{"name":"(anonymous_0)","decl":{"start":{"line":8,"column":17},"end":{"line":8,"column":18}},"loc":{"start":{"line":8,"column":23},"end":{"line":54,"column":1}},"line":8},"1":{"name":"(anonymous_1)","decl":{"start":{"line":30,"column":6},"end":{"line":30,"column":7}},"loc":{"start":{"line":31,"column":8},"end":{"line":32,"column":76}},"line":31},"2":{"name":"(anonymous_2)","decl":{"start":{"line":42,"column":22},"end":{"line":42,"column":23}},"loc":{"start":{"line":43,"column":8},"end":{"line":50,"column":10}},"line":43},"3":{"name":"(anonymous_3)","decl":{"start":{"line":49,"column":24},"end":{"line":49,"column":25}},"loc":{"start":{"line":49,"column":30},"end":{"line":49,"column":78}},"line":49}},"branchMap":{"0":{"loc":{"start":{"line":14,"column":2},"end":{"line":14,"column":44}},"type":"if","locations":[{"start":{"line":14,"column":2},"end":{"line":14,"column":44}},{"start":{},"end":{}}],"line":14},"1":{"loc":{"start":{"line":18,"column":4},"end":{"line":18,"column":46}},"type":"binary-expr","locations":[{"start":{"line":18,"column":4},"end":{"line":18,"column":40}},{"start":{"line":18,"column":44},"end":{"line":18,"column":46}}],"line":18},"2":{"loc":{"start":{"line":25,"column":4},"end":{"line":26,"column":23}},"type":"binary-expr","locations":[{"start":{"line":25,"column":4},"end":{"line":26,"column":17}},{"start":{"line":26,"column":21},"end":{"line":26,"column":23}}],"line":25},"3":{"loc":{"start":{"line":29,"column":4},"end":{"line":33,"column":11}},"type":"binary-expr","locations":[{"start":{"line":29,"column":4},"end":{"line":33,"column":5}},{"start":{"line":33,"column":9},"end":{"line":33,"column":11}}],"line":29},"4":{"loc":{"start":{"line":37,"column":47},"end":{"line":37,"column":72}},"type":"binary-expr","locations":[{"start":{"line":37,"column":47},"end":{"line":37,"column":51}},{"start":{"line":37,"column":55},"end":{"line":37,"column":72}}],"line":37},"5":{"loc":{"start":{"line":39,"column":9},"end":{"line":39,"column":57}},"type":"binary-expr","locations":[{"start":{"line":39,"column":9},"end":{"line":39,"column":29}},{"start":{"line":39,"column":33},"end":{"line":39,"column":57}}],"line":39},"6":{"loc":{"start":{"line":40,"column":9},"end":{"line":40,"column":59}},"type":"cond-expr","locations":[{"start":{"line":40,"column":22},"end":{"line":40,"column":51}},{"start":{"line":40,"column":54},"end":{"line":40,"column":59}}],"line":40},"7":{"loc":{"start":{"line":49,"column":43},"end":{"line":49,"column":77}},"type":"cond-expr","locations":[{"start":{"line":49,"column":65},"end":{"line":49,"column":69}},{"start":{"line":49,"column":72},"end":{"line":49,"column":77}}],"line":49}},"s":{"0":1,"1":4,"2":3,"3":3,"4":3,"5":1,"6":2,"7":2,"8":2,"9":2,"10":36,"11":2,"12":20,"13":1},"f":{"0":4,"1":36,"2":20,"3":1},"b":{"0":[1,2],"1":[2,0],"2":[2,2],"3":[2,0],"4":[2,0],"5":[2,0],"6":[2,0],"7":[0,1]},"_coverageSchema":"1a1c01bbd47fc00a2c39e90264f33305004495a9","hash":"68c624e2180e82d889ee5c7628e984a1ce70ca5a"}
,"E:\\z STUDY COURSES\\Namaste-React\\Codes\\src\\components\\Sum.js": {"path":"E:\\z STUDY COURSES\\Namaste-React\\Codes\\src\\components\\Sum.js","statementMap":{"0":{"start":{"line":1,"column":19},"end":{"line":1,"column":34}},"1":{"start":{"line":1,"column":29},"end":{"line":1,"column":34}}},"fnMap":{"0":{"name":"(anonymous_0)","decl":{"start":{"line":1,"column":19},"end":{"line":1,"column":20}},"loc":{"start":{"line":1,"column":29},"end":{"line":1,"column":34}},"line":1}},"branchMap":{},"s":{"0":1,"1":1},"f":{"0":1},"b":{},"_coverageSchema":"1a1c01bbd47fc00a2c39e90264f33305004495a9","hash":"866a4f57af5c9cf53e3b7275d346a08878097575"}
,"E:\\z STUDY COURSES\\Namaste-React\\Codes\\src\\components\\mocks\\resCardMock.js": {"path":"E:\\z STUDY COURSES\\Namaste-React\\Codes\\src\\components\\mocks\\resCardMock.js","statementMap":{"0":{"start":{"line":2,"column":25},"end":{"line":31,"column":1}}},"fnMap":{},"branchMap":{},"s":{"0":1},"f":{},"b":{},"_coverageSchema":"1a1c01bbd47fc00a2c39e90264f33305004495a9","hash":"455c31448ea0f371dc3b218e2c79b7973ae5b3dc"}
,"E:\\z STUDY COURSES\\Namaste-React\\Codes\\src\\utils\\appStore.js": {"path":"E:\\z STUDY COURSES\\Namaste-React\\Codes\\src\\utils\\appStore.js","statementMap":{"0":{"start":{"line":4,"column":17},"end":{"line":8,"column":2}}},"fnMap":{},"branchMap":{},"s":{"0":2},"f":{},"b":{},"_coverageSchema":"1a1c01bbd47fc00a2c39e90264f33305004495a9","hash":"e027720ceb6bd9d4a432c2f3e6efecf89d1fbedb"}
,"E:\\z STUDY COURSES\\Namaste-React\\Codes\\src\\utils\\cartSlice.js": {"path":"E:\\z STUDY COURSES\\Namaste-React\\Codes\\src\\utils\\cartSlice.js","statementMap":{"0":{"start":{"line":3,"column":18},"end":{"line":22,"column":2}},"1":{"start":{"line":12,"column":6},"end":{"line":12,"column":39}},"2":{"start":{"line":15,"column":6},"end":{"line":15,"column":24}},"3":{"start":{"line":18,"column":6},"end":{"line":18,"column":34}},"4":{"start":{"line":19,"column":6},"end":{"line":19,"column":23}},"5":{"start":{"line":24,"column":50},"end":{"line":24,"column":67}}},"fnMap":{"0":{"name":"(anonymous_0)","decl":{"start":{"line":10,"column":13},"end":{"line":10,"column":14}},"loc":{"start":{"line":10,"column":32},"end":{"line":13,"column":5}},"line":10},"1":{"name":"(anonymous_1)","decl":{"start":{"line":14,"column":16},"end":{"line":14,"column":17}},"loc":{"start":{"line":14,"column":27},"end":{"line":16,"column":5}},"line":14},"2":{"name":"(anonymous_2)","decl":{"start":{"line":17,"column":15},"end":{"line":17,"column":16}},"loc":{"start":{"line":17,"column":26},"end":{"line":20,"column":5}},"line":17}},"branchMap":{},"s":{"0":2,"1":2,"2":0,"3":1,"4":1,"5":2},"f":{"0":2,"1":0,"2":1},"b":{},"_coverageSchema":"1a1c01bbd47fc00a2c39e90264f33305004495a9","hash":"05b798ff13601e7b4b4ec1de490e36d67374574e"}
,"E:\\z STUDY COURSES\\Namaste-React\\Codes\\src\\utils\\useBody.js": {"path":"E:\\z STUDY COURSES\\Namaste-React\\Codes\\src\\utils\\useBody.js","statementMap":{"0":{"start":{"line":2,"column":16},"end":{"line":43,"column":1}},"1":{"start":{"line":3,"column":38},"end":{"line":3,"column":50}},"2":{"start":{"line":4,"column":38},"end":{"line":4,"column":50}},"3":{"start":{"line":5,"column":38},"end":{"line":5,"column":50}},"4":{"start":{"line":7,"column":2},"end":{"line":9,"column":9}},"5":{"start":{"line":8,"column":4},"end":{"line":8,"column":16}},"6":{"start":{"line":11,"column":20},"end":{"line":22,"column":3}},"7":{"start":{"line":12,"column":17},"end":{"line":14,"column":5}},"8":{"start":{"line":15,"column":17},"end":{"line":15,"column":34}},"9":{"start":{"line":18,"column":6},"end":{"line":19,"column":21}},"10":{"start":{"line":20,"column":4},"end":{"line":20,"column":30}},"11":{"start":{"line":21,"column":4},"end":{"line":21,"column":30}},"12":{"start":{"line":24,"column":23},"end":{"line":29,"column":3}},"13":{"start":{"line":25,"column":21},"end":{"line":27,"column":5}},"14":{"start":{"line":26,"column":6},"end":{"line":26,"column":68}},"15":{"start":{"line":28,"column":4},"end":{"line":28,"column":28}},"16":{"start":{"line":31,"column":25},"end":{"line":34,"column":3}},"17":{"start":{"line":32,"column":21},"end":{"line":32,"column":73}},"18":{"start":{"line":32,"column":48},"end":{"line":32,"column":72}},"19":{"start":{"line":33,"column":4},"end":{"line":33,"column":28}},"20":{"start":{"line":35,"column":2},"end":{"line":42,"column":4}}},"fnMap":{"0":{"name":"(anonymous_0)","decl":{"start":{"line":2,"column":16},"end":{"line":2,"column":17}},"loc":{"start":{"line":2,"column":22},"end":{"line":43,"column":1}},"line":2},"1":{"name":"(anonymous_1)","decl":{"start":{"line":7,"column":12},"end":{"line":7,"column":13}},"loc":{"start":{"line":7,"column":18},"end":{"line":9,"column":3}},"line":7},"2":{"name":"(anonymous_2)","decl":{"start":{"line":11,"column":20},"end":{"line":11,"column":21}},"loc":{"start":{"line":11,"column":32},"end":{"line":22,"column":3}},"line":11},"3":{"name":"(anonymous_3)","decl":{"start":{"line":24,"column":23},"end":{"line":24,"column":24}},"loc":{"start":{"line":24,"column":29},"end":{"line":29,"column":3}},"line":24},"4":{"name":"(anonymous_4)","decl":{"start":{"line":25,"column":39},"end":{"line":25,"column":40}},"loc":{"start":{"line":26,"column":6},"end":{"line":26,"column":68}},"line":26},"5":{"name":"(anonymous_5)","decl":{"start":{"line":31,"column":25},"end":{"line":31,"column":26}},"loc":{"start":{"line":31,"column":31},"end":{"line":34,"column":3}},"line":31},"6":{"name":"(anonymous_6)","decl":{"start":{"line":32,"column":39},"end":{"line":32,"column":40}},"loc":{"start":{"line":32,"column":48},"end":{"line":32,"column":72}},"line":32}},"branchMap":{"0":{"loc":{"start":{"line":20,"column":18},"end":{"line":20,"column":28}},"type":"binary-expr","locations":[{"start":{"line":20,"column":18},"end":{"line":20,"column":22}},{"start":{"line":20,"column":26},"end":{"line":20,"column":28}}],"line":20},"1":{"loc":{"start":{"line":21,"column":18},"end":{"line":21,"column":28}},"type":"binary-expr","locations":[{"start":{"line":21,"column":18},"end":{"line":21,"column":22}},{"start":{"line":21,"column":26},"end":{"line":21,"column":28}}],"line":21}},"s":{"0":1,"1":7,"2":7,"3":7,"4":7,"5":2,"6":7,"7":2,"8":2,"9":2,"10":2,"11":2,"12":7,"13":1,"14":8,"15":1,"16":7,"17":1,"18":8,"19":1,"20":7},"f":{"0":7,"1":2,"2":2,"3":1,"4":8,"5":1,"6":8},"b":{"0":[2,0],"1":[2,0]},"_coverageSchema":"1a1c01bbd47fc00a2c39e90264f33305004495a9","hash":"dbf169cf31c317cbcae8855a3b9303ad533acd6e"}
}
