TN:
SF:src\components\Body.js
FN:11,(anonymous_0)
FN:41,(anonymous_1)
FN:65,(anonymous_2)
FN:73,(anonymous_3)
FNF:4
FNH:3
FNDA:7,(anonymous_0)
FNDA:1,(anonymous_1)
FNDA:0,(anonymous_2)
FNDA:27,(anonymous_3)
DA:10,1
DA:11,1
DA:12,7
DA:20,7
DA:22,7
DA:23,0
DA:29,7
DA:30,7
DA:42,1
DA:66,0
DA:74,27
LF:11
LH:9
BRDA:22,0,0,0
BRDA:22,0,1,7
BRDA:30,1,0,2
BRDA:30,1,1,5
BRDA:75,2,0,27
BRDA:75,2,1,0
BRF:6
BRH:4
end_of_record
TN:
SF:src\components\Cart.js
FN:6,(anonymous_0)
FN:7,(anonymous_1)
FN:10,(anonymous_2)
FNF:3
FNH:3
FNDA:4,(anonymous_0)
FNDA:8,(anonymous_1)
FNDA:1,(anonymous_2)
DA:6,1
DA:7,8
DA:9,4
DA:10,4
DA:11,1
DA:13,4
LF:6
LH:6
BRDA:23,0,0,4
BRDA:23,0,1,2
BRF:2
BRH:2
end_of_record
TN:
SF:src\components\Contact.js
FN:3,(anonymous_0)
FNF:1
FNH:1
FNDA:8,(anonymous_0)
DA:3,1
DA:4,8
LF:2
LH:2
BRF:0
BRH:0
end_of_record
TN:
SF:src\components\Header.js
FN:9,(anonymous_0)
FN:17,(anonymous_1)
FN:47,(anonymous_2)
FNF:3
FNH:3
FNDA:8,(anonymous_0)
FNDA:15,(anonymous_1)
FNDA:1,(anonymous_2)
DA:9,2
DA:10,8
DA:12,8
DA:14,8
DA:17,15
DA:19,8
DA:47,1
LF:7
LH:7
BRDA:27,0,0,8
BRDA:27,0,1,0
BRDA:47,1,0,1
BRDA:47,1,1,0
BRF:4
BRH:2
end_of_record
TN:
SF:src\components\ItemList.js
FN:6,(anonymous_0)
FN:9,(anonymous_1)
FN:16,(anonymous_2)
FN:33,(anonymous_3)
FNF:4
FNH:4
FNDA:5,(anonymous_0)
FNDA:2,(anonymous_1)
FNDA:7,(anonymous_2)
FNDA:2,(anonymous_3)
DA:6,1
DA:7,5
DA:9,5
DA:11,2
DA:14,5
DA:17,7
DA:33,2
LF:7
LH:7
BRF:0
BRH:0
end_of_record
TN:
SF:src\components\RestCard.js
FN:4,(anonymous_0)
FN:26,(anonymous_1)
FN:27,(anonymous_2)
FNF:3
FNH:3
FNDA:28,(anonymous_0)
FNDA:1,(anonymous_1)
FNDA:27,(anonymous_2)
DA:4,2
DA:5,28
DA:7,28
DA:8,28
DA:26,2
DA:27,1
DA:28,27
LF:7
LH:7
BRF:0
BRH:0
end_of_record
TN:
SF:src\components\RestMenu.js
FN:8,(anonymous_0)
FN:30,(anonymous_1)
FN:42,(anonymous_2)
FN:49,(anonymous_3)
FNF:4
FNH:4
FNDA:4,(anonymous_0)
FNDA:36,(anonymous_1)
FNDA:20,(anonymous_2)
FNDA:1,(anonymous_3)
DA:8,1
DA:9,4
DA:10,3
DA:11,3
DA:14,3
DA:18,2
DA:21,2
DA:25,2
DA:29,2
DA:31,36
DA:35,2
DA:43,20
DA:49,1
LF:13
LH:13
BRDA:14,0,0,1
BRDA:14,0,1,2
BRDA:18,1,0,2
BRDA:18,1,1,0
BRDA:25,2,0,2
BRDA:25,2,1,2
BRDA:29,3,0,2
BRDA:29,3,1,0
BRDA:37,4,0,2
BRDA:37,4,1,0
BRDA:39,5,0,2
BRDA:39,5,1,0
BRDA:40,6,0,2
BRDA:40,6,1,0
BRDA:49,7,0,0
BRDA:49,7,1,1
BRF:16
BRH:10
end_of_record
TN:
SF:src\components\Sum.js
FN:1,(anonymous_0)
FNF:1
FNH:1
FNDA:1,(anonymous_0)
DA:1,1
LF:1
LH:1
BRF:0
BRH:0
end_of_record
TN:
SF:src\components\mocks\resCardMock.js
FNF:0
FNH:0
DA:2,1
LF:1
LH:1
BRF:0
BRH:0
end_of_record
TN:
SF:src\utils\appStore.js
FNF:0
FNH:0
DA:4,2
LF:1
LH:1
BRF:0
BRH:0
end_of_record
TN:
SF:src\utils\cartSlice.js
FN:10,(anonymous_0)
FN:14,(anonymous_1)
FN:17,(anonymous_2)
FNF:3
FNH:2
FNDA:2,(anonymous_0)
FNDA:0,(anonymous_1)
FNDA:1,(anonymous_2)
DA:3,2
DA:12,2
DA:15,0
DA:18,1
DA:19,1
DA:24,2
LF:6
LH:5
BRF:0
BRH:0
end_of_record
TN:
SF:src\utils\useBody.js
FN:2,(anonymous_0)
FN:7,(anonymous_1)
FN:11,(anonymous_2)
FN:24,(anonymous_3)
FN:25,(anonymous_4)
FN:31,(anonymous_5)
FN:32,(anonymous_6)
FNF:7
FNH:7
FNDA:7,(anonymous_0)
FNDA:2,(anonymous_1)
FNDA:2,(anonymous_2)
FNDA:1,(anonymous_3)
FNDA:8,(anonymous_4)
FNDA:1,(anonymous_5)
FNDA:8,(anonymous_6)
DA:2,1
DA:3,7
DA:4,7
DA:5,7
DA:7,7
DA:8,2
DA:11,7
DA:12,2
DA:15,2
DA:18,2
DA:20,2
DA:21,2
DA:24,7
DA:25,1
DA:26,8
DA:28,1
DA:31,7
DA:32,8
DA:33,1
DA:35,7
LF:20
LH:20
BRDA:20,0,0,2
BRDA:20,0,1,0
BRDA:21,1,0,2
BRDA:21,1,1,0
BRF:4
BRH:2
end_of_record
